# JRE version: Java(TM) SE Runtime Environment (8.0_221-b11) (build 1.8.0_221-b11)
# Java VM: Java HotSpot(TM) 64-Bit Server VM (25.221-b11 mixed mode windows-amd64 compressed oops)
Heap:
 PSYoungGen      total 245760K, used 168324K [0x00000000d5d80000, 0x00000000e6300000, 0x0000000100000000)
  eden space 229376K, 73% used [0x00000000d5d80000,0x00000000e01e1088,0x00000000e3d80000)
  from space 16384K, 0% used [0x00000000e5300000,0x00000000e5300000,0x00000000e6300000)
  to   space 18944K, 0% used [0x00000000e3e00000,0x00000000e3e00000,0x00000000e5080000)
 ParOldGen       total 111104K, used 29457K [0x0000000081800000, 0x0000000088480000, 0x00000000d5d80000)
  object space 111104K, 26% used [0x0000000081800000,0x00000000834c4780,0x0000000088480000)
 Metaspace       used 63981K, capacity 66920K, committed 67240K, reserved 1107968K
  class space    used 8521K, capacity 9021K, committed 9128K, reserved 1048576K
GC Heap History (10 events):
Event: 6.222 GC heap before
{Heap before GC invocations=9 (full 1):
 PSYoungGen      total 118272K, used 17542K [0x00000000d5d80000, 0x00000000e1e80000, 0x0000000100000000)
  eden space 108032K, 6% used [0x00000000d5d80000,0x00000000d64a30f8,0x00000000dc700000)
  from space 10240K, 99% used [0x00000000dc700000,0x00000000dd0feac8,0x00000000dd100000)
  to   space 13824K, 0% used [0x00000000e1100000,0x00000000e1100000,0x00000000e1e80000)
 ParOldGen       total 53248K, used 9200K [0x0000000081800000, 0x0000000084c00000, 0x00000000d5d80000)
  object space 53248K, 17% used [0x0000000081800000,0x00000000820fc338,0x0000000084c00000)
 Metaspace       used 33820K, capacity 35374K, committed 35496K, reserved 1079296K
  class space    used 4391K, capacity 4714K, committed 4776K, reserved 1048576K
Event: 6.239 GC heap after
Heap after GC invocations=9 (full 1):
 PSYoungGen      total 183296K, used 10798K [0x00000000d5d80000, 0x00000000e2f00000, 0x0000000100000000)
  eden space 169472K, 0% used [0x00000000d5d80000,0x00000000d5d80000,0x00000000e0300000)
  from space 13824K, 78% used [0x00000000e1100000,0x00000000e1b8b8e0,0x00000000e1e80000)
  to   space 14336K, 0% used [0x00000000e0300000,0x00000000e0300000,0x00000000e1100000)
 ParOldGen       total 53248K, used 9208K [0x0000000081800000, 0x0000000084c00000, 0x00000000d5d80000)
  object space 53248K, 17% used [0x0000000081800000,0x00000000820fe338,0x0000000084c00000)
 Metaspace       used 33820K, capacity 35374K, committed 35496K, reserved 1079296K
  class space    used 4391K, capacity 4714K, committed 4776K, reserved 1048576K
}
Event: 6.239 GC heap before
{Heap before GC invocations=10 (full 2):
 PSYoungGen      total 183296K, used 10798K [0x00000000d5d80000, 0x00000000e2f00000, 0x0000000100000000)
  eden space 169472K, 0% used [0x00000000d5d80000,0x00000000d5d80000,0x00000000e0300000)
  from space 13824K, 78% used [0x00000000e1100000,0x00000000e1b8b8e0,0x00000000e1e80000)
  to   space 14336K, 0% used [0x00000000e0300000,0x00000000e0300000,0x00000000e1100000)
 ParOldGen       total 53248K, used 9208K [0x0000000081800000, 0x0000000084c00000, 0x00000000d5d80000)
  object space 53248K, 17% used [0x0000000081800000,0x00000000820fe338,0x0000000084c00000)
 Metaspace       used 33820K, capacity 35374K, committed 35496K, reserved 1079296K
  class space    used 4391K, capacity 4714K, committed 4776K, reserved 1048576K
Event: 6.337 GC heap after
Heap after GC invocations=10 (full 2):
 PSYoungGen      total 183296K, used 0K [0x00000000d5d80000, 0x00000000e2f00000, 0x0000000100000000)
  eden space 169472K, 0% used [0x00000000d5d80000,0x00000000d5d80000,0x00000000e0300000)
  from space 13824K, 0% used [0x00000000e1100000,0x00000000e1100000,0x00000000e1e80000)
  to   space 14336K, 0% used [0x00000000e0300000,0x00000000e0300000,0x00000000e1100000)
 ParOldGen       total 78336K, used 15434K [0x0000000081800000, 0x0000000086480000, 0x00000000d5d80000)
  object space 78336K, 19% used [0x0000000081800000,0x0000000082712b70,0x0000000086480000)
 Metaspace       used 33820K, capacity 35374K, committed 35496K, reserved 1079296K
  class space    used 4391K, capacity 4714K, committed 4776K, reserved 1048576K
}
Event: 9.110 GC heap before
{Heap before GC invocations=11 (full 2):
 PSYoungGen      total 183296K, used 169472K [0x00000000d5d80000, 0x00000000e2f00000, 0x0000000100000000)
  eden space 169472K, 100% used [0x00000000d5d80000,0x00000000e0300000,0x00000000e0300000)
  from space 13824K, 0% used [0x00000000e1100000,0x00000000e1100000,0x00000000e1e80000)
  to   space 14336K, 0% used [0x00000000e0300000,0x00000000e0300000,0x00000000e1100000)
 ParOldGen       total 78336K, used 15434K [0x0000000081800000, 0x0000000086480000, 0x00000000d5d80000)
  object space 78336K, 19% used [0x0000000081800000,0x0000000082712b70,0x0000000086480000)
 Metaspace       used 47805K, capacity 49624K, committed 49832K, reserved 1091584K
  class space    used 6443K, capacity 6781K, committed 6824K, reserved 1048576K
Event: 9.133 GC heap after
Heap after GC invocations=11 (full 2):
 PSYoungGen      total 183808K, used 14310K [0x00000000d5d80000, 0x00000000e6400000, 0x0000000100000000)
  eden space 169472K, 0% used [0x00000000d5d80000,0x00000000d5d80000,0x00000000e0300000)
  from space 14336K, 99% used [0x00000000e0300000,0x00000000e10f9bc8,0x00000000e1100000)
  to   space 17408K, 0% used [0x00000000e5300000,0x00000000e5300000,0x00000000e6400000)
 ParOldGen       total 78336K, used 18241K [0x0000000081800000, 0x0000000086480000, 0x00000000d5d80000)
  object space 78336K, 23% used [0x0000000081800000,0x00000000829d0630,0x0000000086480000)
 Metaspace       used 47805K, capacity 49624K, committed 49832K, reserved 1091584K
  class space    used 6443K, capacity 6781K, committed 6824K, reserved 1048576K
}
Event: 11.058 GC heap before
{Heap before GC invocations=12 (full 2):
 PSYoungGen      total 183808K, used 142839K [0x00000000d5d80000, 0x00000000e6400000, 0x0000000100000000)
  eden space 169472K, 75% used [0x00000000d5d80000,0x00000000ddb04148,0x00000000e0300000)
  from space 14336K, 99% used [0x00000000e0300000,0x00000000e10f9bc8,0x00000000e1100000)
  to   space 17408K, 0% used [0x00000000e5300000,0x00000000e5300000,0x00000000e6400000)
 ParOldGen       total 78336K, used 18241K [0x0000000081800000, 0x0000000086480000, 0x00000000d5d80000)
  object space 78336K, 23% used [0x0000000081800000,0x00000000829d0630,0x0000000086480000)
 Metaspace       used 56715K, capacity 59070K, committed 59160K, reserved 1099776K
  class space    used 7739K, capacity 8158K, committed 8232K, reserved 1048576K
Event: 11.081 GC heap after
Heap after GC invocations=12 (full 2):
 PSYoungGen      total 245760K, used 15925K [0x00000000d5d80000, 0x00000000e6300000, 0x0000000100000000)
  eden space 229376K, 0% used [0x00000000d5d80000,0x00000000d5d80000,0x00000000e3d80000)
  from space 16384K, 97% used [0x00000000e5300000,0x00000000e628d668,0x00000000e6300000)
  to   space 18944K, 0% used [0x00000000e3e00000,0x00000000e3e00000,0x00000000e5080000)
 ParOldGen       total 78336K, used 18249K [0x0000000081800000, 0x0000000086480000, 0x00000000d5d80000)
  object space 78336K, 23% used [0x0000000081800000,0x00000000829d2630,0x0000000086480000)
 Metaspace       used 56715K, capacity 59070K, committed 59160K, reserved 1099776K
  class space    used 7739K, capacity 8158K, committed 8232K, reserved 1048576K
}
Event: 11.081 GC heap before
{Heap before GC invocations=13 (full 3):
 PSYoungGen      total 245760K, used 15925K [0x00000000d5d80000, 0x00000000e6300000, 0x0000000100000000)
  eden space 229376K, 0% used [0x00000000d5d80000,0x00000000d5d80000,0x00000000e3d80000)
  from space 16384K, 97% used [0x00000000e5300000,0x00000000e628d668,0x00000000e6300000)
  to   space 18944K, 0% used [0x00000000e3e00000,0x00000000e3e00000,0x00000000e5080000)
 ParOldGen       total 78336K, used 18249K [0x0000000081800000, 0x0000000086480000, 0x00000000d5d80000)
  object space 78336K, 23% used [0x0000000081800000,0x00000000829d2630,0x0000000086480000)
 Metaspace       used 56715K, capacity 59070K, committed 59160K, reserved 1099776K
  class space    used 7739K, capacity 8158K, committed 8232K, reserved 1048576K
Event: 11.357 GC heap after
Heap after GC invocations=13 (full 3):
 PSYoungGen      total 245760K, used 0K [0x00000000d5d80000, 0x00000000e6300000, 0x0000000100000000)
  eden space 229376K, 0% used [0x00000000d5d80000,0x00000000d5d80000,0x00000000e3d80000)
  from space 16384K, 0% used [0x00000000e5300000,0x00000000e5300000,0x00000000e6300000)
  to   space 18944K, 0% used [0x00000000e3e00000,0x00000000e3e00000,0x00000000e5080000)
 ParOldGen       total 111104K, used 29457K [0x0000000081800000, 0x0000000088480000, 0x00000000d5d80000)
  object space 111104K, 26% used [0x0000000081800000,0x00000000834c4780,0x0000000088480000)
 Metaspace       used 56715K, capacity 59070K, committed 59160K, reserved 1099776K
  class space    used 7739K, capacity 8158K, committed 8232K, reserved 1048576K
}

