# JRE version: Java(TM) SE Runtime Environment (8.0_221-b11) (build 1.8.0_221-b11)
# Java VM: Java HotSpot(TM) 64-Bit Server VM (25.221-b11 mixed mode windows-amd64 compressed oops)
Heap:
 PSYoungGen      total 71680K, used 28934K [0x00000000d5d80000, 0x00000000da880000, 0x0000000100000000)
  eden space 66560K, 43% used [0x00000000d5d80000,0x00000000d79c1a08,0x00000000d9e80000)
  from space 5120K, 0% used [0x00000000da380000,0x00000000da380000,0x00000000da880000)
  to   space 5120K, 0% used [0x00000000d9e80000,0x00000000d9e80000,0x00000000da380000)
 ParOldGen       total 50176K, used 18707K [0x0000000081800000, 0x0000000084900000, 0x00000000d5d80000)
  object space 50176K, 37% used [0x0000000081800000,0x0000000082a44d48,0x0000000084900000)
 Metaspace       used 35347K, capacity 37040K, committed 37288K, reserved 1081344K
  class space    used 4579K, capacity 4919K, committed 5032K, reserved 1048576K
GC Heap History (10 events):
Event: 3.429 GC heap before
{Heap before GC invocations=6 (full 1):
 PSYoungGen      total 71680K, used 66514K [0x00000000d5d80000, 0x00000000da880000, 0x0000000100000000)
  eden space 66560K, 99% used [0x00000000d5d80000,0x00000000d9e74b40,0x00000000d9e80000)
  from space 5120K, 0% used [0x00000000da380000,0x00000000da380000,0x00000000da880000)
  to   space 5120K, 0% used [0x00000000d9e80000,0x00000000d9e80000,0x00000000da380000)
 ParOldGen       total 50176K, used 5258K [0x0000000081800000, 0x0000000084900000, 0x00000000d5d80000)
  object space 50176K, 10% used [0x0000000081800000,0x0000000081d22920,0x0000000084900000)
 Metaspace       used 23151K, capacity 23886K, committed 24240K, reserved 1071104K
  class space    used 2988K, capacity 3192K, committed 3248K, reserved 1048576K
Event: 3.439 GC heap after
Heap after GC invocations=6 (full 1):
 PSYoungGen      total 71680K, used 4156K [0x00000000d5d80000, 0x00000000da880000, 0x0000000100000000)
  eden space 66560K, 0% used [0x00000000d5d80000,0x00000000d5d80000,0x00000000d9e80000)
  from space 5120K, 81% used [0x00000000d9e80000,0x00000000da28f0f8,0x00000000da380000)
  to   space 5120K, 0% used [0x00000000da380000,0x00000000da380000,0x00000000da880000)
 ParOldGen       total 50176K, used 5266K [0x0000000081800000, 0x0000000084900000, 0x00000000d5d80000)
  object space 50176K, 10% used [0x0000000081800000,0x0000000081d24920,0x0000000084900000)
 Metaspace       used 23151K, capacity 23886K, committed 24240K, reserved 1071104K
  class space    used 2988K, capacity 3192K, committed 3248K, reserved 1048576K
}
Event: 4.737 GC heap before
{Heap before GC invocations=7 (full 1):
 PSYoungGen      total 71680K, used 70716K [0x00000000d5d80000, 0x00000000da880000, 0x0000000100000000)
  eden space 66560K, 100% used [0x00000000d5d80000,0x00000000d9e80000,0x00000000d9e80000)
  from space 5120K, 81% used [0x00000000d9e80000,0x00000000da28f0f8,0x00000000da380000)
  to   space 5120K, 0% used [0x00000000da380000,0x00000000da380000,0x00000000da880000)
 ParOldGen       total 50176K, used 5266K [0x0000000081800000, 0x0000000084900000, 0x00000000d5d80000)
  object space 50176K, 10% used [0x0000000081800000,0x0000000081d24920,0x0000000084900000)
 Metaspace       used 26684K, capacity 27714K, committed 27824K, reserved 1073152K
  class space    used 3483K, capacity 3710K, committed 3760K, reserved 1048576K
Event: 4.754 GC heap after
Heap after GC invocations=7 (full 1):
 PSYoungGen      total 71680K, used 5105K [0x00000000d5d80000, 0x00000000da880000, 0x0000000100000000)
  eden space 66560K, 0% used [0x00000000d5d80000,0x00000000d5d80000,0x00000000d9e80000)
  from space 5120K, 99% used [0x00000000da380000,0x00000000da87c580,0x00000000da880000)
  to   space 5120K, 0% used [0x00000000d9e80000,0x00000000d9e80000,0x00000000da380000)
 ParOldGen       total 50176K, used 8907K [0x0000000081800000, 0x0000000084900000, 0x00000000d5d80000)
  object space 50176K, 17% used [0x0000000081800000,0x00000000820b2da0,0x0000000084900000)
 Metaspace       used 26684K, capacity 27714K, committed 27824K, reserved 1073152K
  class space    used 3483K, capacity 3710K, committed 3760K, reserved 1048576K
}
Event: 6.889 GC heap before
{Heap before GC invocations=8 (full 1):
 PSYoungGen      total 71680K, used 71665K [0x00000000d5d80000, 0x00000000da880000, 0x0000000100000000)
  eden space 66560K, 100% used [0x00000000d5d80000,0x00000000d9e80000,0x00000000d9e80000)
  from space 5120K, 99% used [0x00000000da380000,0x00000000da87c580,0x00000000da880000)
  to   space 5120K, 0% used [0x00000000d9e80000,0x00000000d9e80000,0x00000000da380000)
 ParOldGen       total 50176K, used 8907K [0x0000000081800000, 0x0000000084900000, 0x00000000d5d80000)
  object space 50176K, 17% used [0x0000000081800000,0x00000000820b2da0,0x0000000084900000)
 Metaspace       used 32713K, capacity 34296K, committed 34608K, reserved 1079296K
  class space    used 4261K, capacity 4585K, committed 4656K, reserved 1048576K
Event: 6.911 GC heap after
Heap after GC invocations=8 (full 1):
 PSYoungGen      total 71680K, used 5104K [0x00000000d5d80000, 0x00000000da880000, 0x0000000100000000)
  eden space 66560K, 0% used [0x00000000d5d80000,0x00000000d5d80000,0x00000000d9e80000)
  from space 5120K, 99% used [0x00000000d9e80000,0x00000000da37c030,0x00000000da380000)
  to   space 5120K, 0% used [0x00000000da380000,0x00000000da380000,0x00000000da880000)
 ParOldGen       total 50176K, used 16779K [0x0000000081800000, 0x0000000084900000, 0x00000000d5d80000)
  object space 50176K, 33% used [0x0000000081800000,0x0000000082862d08,0x0000000084900000)
 Metaspace       used 32713K, capacity 34296K, committed 34608K, reserved 1079296K
  class space    used 4261K, capacity 4585K, committed 4656K, reserved 1048576K
}
Event: 7.255 GC heap before
{Heap before GC invocations=9 (full 1):
 PSYoungGen      total 71680K, used 50604K [0x00000000d5d80000, 0x00000000da880000, 0x0000000100000000)
  eden space 66560K, 68% used [0x00000000d5d80000,0x00000000d89ef158,0x00000000d9e80000)
  from space 5120K, 99% used [0x00000000d9e80000,0x00000000da37c030,0x00000000da380000)
  to   space 5120K, 0% used [0x00000000da380000,0x00000000da380000,0x00000000da880000)
 ParOldGen       total 50176K, used 16779K [0x0000000081800000, 0x0000000084900000, 0x00000000d5d80000)
  object space 50176K, 33% used [0x0000000081800000,0x0000000082862d08,0x0000000084900000)
 Metaspace       used 33805K, capacity 35354K, committed 35496K, reserved 1079296K
  class space    used 4384K, capacity 4682K, committed 4776K, reserved 1048576K
Event: 7.267 GC heap after
Heap after GC invocations=9 (full 1):
 PSYoungGen      total 71680K, used 5088K [0x00000000d5d80000, 0x00000000da880000, 0x0000000100000000)
  eden space 66560K, 0% used [0x00000000d5d80000,0x00000000d5d80000,0x00000000d9e80000)
  from space 5120K, 99% used [0x00000000da380000,0x00000000da878020,0x00000000da880000)
  to   space 5120K, 0% used [0x00000000d9e80000,0x00000000d9e80000,0x00000000da380000)
 ParOldGen       total 50176K, used 18348K [0x0000000081800000, 0x0000000084900000, 0x00000000d5d80000)
  object space 50176K, 36% used [0x0000000081800000,0x00000000829eb130,0x0000000084900000)
 Metaspace       used 33805K, capacity 35354K, committed 35496K, reserved 1079296K
  class space    used 4384K, capacity 4682K, committed 4776K, reserved 1048576K
}
Event: 7.267 GC heap before
{Heap before GC invocations=10 (full 2):
 PSYoungGen      total 71680K, used 5088K [0x00000000d5d80000, 0x00000000da880000, 0x0000000100000000)
  eden space 66560K, 0% used [0x00000000d5d80000,0x00000000d5d80000,0x00000000d9e80000)
  from space 5120K, 99% used [0x00000000da380000,0x00000000da878020,0x00000000da880000)
  to   space 5120K, 0% used [0x00000000d9e80000,0x00000000d9e80000,0x00000000da380000)
 ParOldGen       total 50176K, used 18348K [0x0000000081800000, 0x0000000084900000, 0x00000000d5d80000)
  object space 50176K, 36% used [0x0000000081800000,0x00000000829eb130,0x0000000084900000)
 Metaspace       used 33805K, capacity 35354K, committed 35496K, reserved 1079296K
  class space    used 4384K, capacity 4682K, committed 4776K, reserved 1048576K
Event: 7.412 GC heap after
Heap after GC invocations=10 (full 2):
 PSYoungGen      total 71680K, used 0K [0x00000000d5d80000, 0x00000000da880000, 0x0000000100000000)
  eden space 66560K, 0% used [0x00000000d5d80000,0x00000000d5d80000,0x00000000d9e80000)
  from space 5120K, 0% used [0x00000000da380000,0x00000000da380000,0x00000000da880000)
  to   space 5120K, 0% used [0x00000000d9e80000,0x00000000d9e80000,0x00000000da380000)
 ParOldGen       total 50176K, used 18707K [0x0000000081800000, 0x0000000084900000, 0x00000000d5d80000)
  object space 50176K, 37% used [0x0000000081800000,0x0000000082a44d48,0x0000000084900000)
 Metaspace       used 33805K, capacity 35354K, committed 35496K, reserved 1079296K
  class space    used 4384K, capacity 4682K, committed 4776K, reserved 1048576K
}

